#
# There is insufficient memory for the Java Runtime Environment to continue.
# Native memory allocation (mmap) failed to map 264241152 bytes for G1 virtual space
# Possible reasons:
#   The system is out of physical RAM or swap space
#   The process is running with CompressedOops enabled, and the Java Heap may be blocking the growth of the native heap
# Possible solutions:
#   Reduce memory load on the system
#   Increase physical memory or swap space
#   Check if swap backing store is full
#   Decrease Java heap size (-Xmx/-Xms)
#   Decrease number of Java threads
#   Decrease Java thread stack sizes (-Xss)
#   Set larger code cache with -XX:ReservedCodeCacheSize=
#   JVM is running with Zero Based Compressed Oops mode in which the Java heap is
#     placed in the first 32GB address space. The Java Heap base address is the
#     maximum limit for the native heap growth. Please use -XX:HeapBaseMinAddress
#     to set the Java Heap base and to place the Java Heap above 32GB virtual address.
# This output file may be truncated or incomplete.
#
#  Out of Memory Error (os_windows.cpp:3600), pid=5928, tid=30980
#
# JRE version:  (21.0.1+12) (build )
# Java VM: Java HotSpot(TM) 64-Bit Server VM (21.0.1+12-LTS-29, mixed mode, sharing, tiered, compressed oops, compressed class ptrs, g1 gc, windows-amd64)
# No core dump will be written. Minidumps are not enabled by default on client versions of Windows
#

---------------  S U M M A R Y ------------

Command Line: -javaagent:C:\Program Files\JetBrains\IntelliJ IDEA Community Edition 2023.3.6\lib\idea_rt.jar=52938:C:\Program Files\JetBrains\IntelliJ IDEA Community Edition 2023.3.6\bin -Dfile.encoding=UTF-8 -Dsun.stdout.encoding=UTF-8 -Dsun.stderr.encoding=UTF-8 Main

Host: 11th Gen Intel(R) Core(TM) i5-1135G7 @ 2.40GHz, 8 cores, 15G,  Windows 11 , 64 bit Build 22621 (10.0.22621.3958)
Time: Sat Aug 10 17:03:16 2024 Sri Lanka Standard Time elapsed time: 0.044747 seconds (0d 0h 0m 0s)

---------------  T H R E A D  ---------------

Current thread (0x00000288ce59f040):  JavaThread "Unknown thread" [_thread_in_vm, id=30980, stack(0x000000ec77a00000,0x000000ec77b00000) (1024K)]

Stack: [0x000000ec77a00000,0x000000ec77b00000]
Native frames: (J=compiled Java code, j=interpreted, Vv=VM code, C=native code)
V  [jvm.dll+0x6c9029]
V  [jvm.dll+0x854b81]
V  [jvm.dll+0x856e5e]
V  [jvm.dll+0x857543]
V  [jvm.dll+0x280c06]
V  [jvm.dll+0x6c5715]
V  [jvm.dll+0x6ba10a]
V  [jvm.dll+0x3557ea]
V  [jvm.dll+0x35d436]
V  [jvm.dll+0x3ae1be]
V  [jvm.dll+0x3ae468]
V  [jvm.dll+0x3291fc]
V  [jvm.dll+0x329d8b]
V  [jvm.dll+0x81d179]
V  [jvm.dll+0x3bb4f1]
V  [jvm.dll+0x805ae8]
V  [jvm.dll+0x44effe]
V  [jvm.dll+0x450901]
C  [jli.dll+0x52a3]
C  [ucrtbase.dll+0x29333]
C  [KERNEL32.DLL+0x1257d]
C  [ntdll.dll+0x5af28]


---------------  P R O C E S S  ---------------

Threads class SMR info:
_java_thread_list=0x00007ffad7a09b88, length=0, elements={
}

Java Threads: ( => current thread )
Total: 0

Other Threads:
  0x00000288ce6097f0 WorkerThread "GC Thread#0"                     [id=20308, stack(0x000000ec77b00000,0x000000ec77c00000) (1024K)]
  0x00000288ce61a310 ConcurrentGCThread "G1 Main Marker"            [id=32512, stack(0x000000ec77c00000,0x000000ec77d00000) (1024K)]
  0x00000288ce61b090 WorkerThread "G1 Conc#0"                       [id=38740, stack(0x000000ec77d00000,0x000000ec77e00000) (1024K)]

[error occurred during error reporting (printing all threads), id 0xc0000005, EXCEPTION_ACCESS_VIOLATION (0xc0000005) at pc=0x00007ffad717c2c7]
VM state: not at safepoint (not fully initialized)

VM Mutex/Monitor currently owned by a thread:  ([mutex/lock_event])
[0x00007ffad7a7a6f8] Heap_lock - owner thread: 0x00000288ce59f040

Heap address: 0x0000000704c00000, size: 4020 MB, Compressed Oops mode: Zero based, Oop shift amount: 3

CDS archive(s) mapped at: [0x0000000000000000-0x0000000000000000-0x0000000000000000), size 0, SharedBaseAddress: 0x0000000800000000, ArchiveRelocationMode: 1.
Narrow klass base: 0x0000000000000000, Narrow klass shift: 0, Narrow klass range: 0x0

GC Precious Log:
 CardTable entry size: 512
 Card Set container configuration: InlinePtr #cards 4 size 8 Array Of Cards #cards 16 size 48 Howl #buckets 8 coarsen threshold 3686 Howl Bitmap #cards 512 size 80 coarsen threshold 460 Card regions per heap region 1 cards per card region 4096

Heap:
 garbage-first heap   total 0K, used 0K [0x0000000704c00000, 0x0000000800000000)
  region size 2048K, 0 young (0K), 0 survivors (0K)

[error occurred during error reporting (printing heap information), id 0xc0000005, EXCEPTION_ACCESS_VIOLATION (0xc0000005) at pc=0x00007ffad7561be9]
GC Heap History (0 events):
No events

Dll operation events (1 events):
Event: 0.029 Loaded shared library C:\Program Files\Java\jdk-21\bin\java.dll

Deoptimization events (0 events):
No events

Classes loaded (0 events):
No events

Classes unloaded (0 events):
No events

Classes redefined (0 events):
No events

Internal exceptions (0 events):
No events

ZGC Phase Switch (0 events):
No events

VM Operations (0 events):
No events

Events (0 events):
No events


Dynamic libraries:
0x00007ff7f1a50000 - 0x00007ff7f1a60000 	C:\Program Files\Java\jdk-21\bin\java.exe
0x00007ffbcd810000 - 0x00007ffbcda27000 	C:\WINDOWS\SYSTEM32\ntdll.dll
0x00007ffba8600000 - 0x00007ffba861a000 	D:\Installed_2024_new\Avast\Avast\aswhook.dll
0x00007ffbccef0000 - 0x00007ffbccfb4000 	C:\WINDOWS\System32\KERNEL32.DLL
0x00007ffbcb040000 - 0x00007ffbcb3ed000 	C:\WINDOWS\System32\KERNELBASE.dll
0x00007ffbcad10000 - 0x00007ffbcae21000 	C:\WINDOWS\System32\ucrtbase.dll
0x00007ffba9220000 - 0x00007ffba923b000 	C:\Program Files\Java\jdk-21\bin\VCRUNTIME140.dll
0x00007ffb87c70000 - 0x00007ffb87c89000 	C:\Program Files\Java\jdk-21\bin\jli.dll
0x00007ffbcba60000 - 0x00007ffbcbb12000 	C:\WINDOWS\System32\ADVAPI32.dll
0x00007ffbcc2c0000 - 0x00007ffbcc367000 	C:\WINDOWS\System32\msvcrt.dll
0x00007ffbcb9a0000 - 0x00007ffbcba49000 	C:\WINDOWS\System32\sechost.dll
0x00007ffbcb490000 - 0x00007ffbcb4b8000 	C:\WINDOWS\System32\bcrypt.dll
0x00007ffbcc1a0000 - 0x00007ffbcc2b4000 	C:\WINDOWS\System32\RPCRT4.dll
0x00007ffbcb7a0000 - 0x00007ffbcb94e000 	C:\WINDOWS\System32\USER32.dll
0x00007ffbcb010000 - 0x00007ffbcb036000 	C:\WINDOWS\System32\win32u.dll
0x00007ffbcbb20000 - 0x00007ffbcbb49000 	C:\WINDOWS\System32\GDI32.dll
0x00007ffbae1a0000 - 0x00007ffbae433000 	C:\WINDOWS\WinSxS\amd64_microsoft.windows.common-controls_6595b64144ccf1df_6.0.22621.3672_none_2713b9d173822955\COMCTL32.dll
0x00007ffbcae30000 - 0x00007ffbcaf49000 	C:\WINDOWS\System32\gdi32full.dll
0x00007ffbcb3f0000 - 0x00007ffbcb48a000 	C:\WINDOWS\System32\msvcp_win.dll
0x00007ffbc10b0000 - 0x00007ffbc10ba000 	C:\WINDOWS\SYSTEM32\VERSION.dll
0x00007ffbcb950000 - 0x00007ffbcb981000 	C:\WINDOWS\System32\IMM32.DLL
0x00007ffba4fb0000 - 0x00007ffba4fbc000 	C:\Program Files\Java\jdk-21\bin\vcruntime140_1.dll
0x00007ffb71260000 - 0x00007ffb712ee000 	C:\Program Files\Java\jdk-21\bin\msvcp140.dll
0x00007ffad6e40000 - 0x00007ffad7b55000 	C:\Program Files\Java\jdk-21\bin\server\jvm.dll
0x00007ffbcbc50000 - 0x00007ffbcbcc1000 	C:\WINDOWS\System32\WS2_32.dll
0x00007ffbc9bf0000 - 0x00007ffbc9c3d000 	C:\WINDOWS\SYSTEM32\POWRPROF.dll
0x00007ffbc5070000 - 0x00007ffbc50a4000 	C:\WINDOWS\SYSTEM32\WINMM.dll
0x00007ffbc9bb0000 - 0x00007ffbc9bc3000 	C:\WINDOWS\SYSTEM32\UMPDC.dll
0x00007ffbc9bd0000 - 0x00007ffbc9be8000 	C:\WINDOWS\SYSTEM32\kernel.appcore.dll
0x00007ffba4f00000 - 0x00007ffba4f0a000 	C:\Program Files\Java\jdk-21\bin\jimage.dll
0x00007ffbc82c0000 - 0x00007ffbc84f2000 	C:\WINDOWS\SYSTEM32\DBGHELP.DLL
0x00007ffbccfc0000 - 0x00007ffbcd34d000 	C:\WINDOWS\System32\combase.dll
0x00007ffbcd350000 - 0x00007ffbcd427000 	C:\WINDOWS\System32\OLEAUT32.dll
0x00007ffbb8be0000 - 0x00007ffbb8c12000 	C:\WINDOWS\SYSTEM32\dbgcore.DLL
0x00007ffbcb4c0000 - 0x00007ffbcb53b000 	C:\WINDOWS\System32\bcryptPrimitives.dll
0x00007ffb9aea0000 - 0x00007ffb9aeaf000 	C:\Program Files\Java\jdk-21\bin\instrument.dll
0x00007ffb86ef0000 - 0x00007ffb86f0f000 	C:\Program Files\Java\jdk-21\bin\java.dll

dbghelp: loaded successfully - version: 4.0.5 - missing functions: none
symbol engine: initialized successfully - sym options: 0x614 - pdb path: .;C:\Program Files\Java\jdk-21\bin;C:\WINDOWS\SYSTEM32;D:\Installed_2024_new\Avast\Avast;C:\WINDOWS\WinSxS\amd64_microsoft.windows.common-controls_6595b64144ccf1df_6.0.22621.3672_none_2713b9d173822955;C:\Program Files\Java\jdk-21\bin\server

VM Arguments:
jvm_args: -javaagent:C:\Program Files\JetBrains\IntelliJ IDEA Community Edition 2023.3.6\lib\idea_rt.jar=52938:C:\Program Files\JetBrains\IntelliJ IDEA Community Edition 2023.3.6\bin -Dfile.encoding=UTF-8 -Dsun.stdout.encoding=UTF-8 -Dsun.stderr.encoding=UTF-8 
java_command: Main
java_class_path (initial): E:\5_semester\OOP\Design\Decorator\pizza_topping\out\production\pizza_topping
Launcher Type: SUN_STANDARD

[Global flags]
     intx CICompilerCount                          = 4                                         {product} {ergonomic}
     uint ConcGCThreads                            = 2                                         {product} {ergonomic}
     uint G1ConcRefinementThreads                  = 8                                         {product} {ergonomic}
   size_t G1HeapRegionSize                         = 2097152                                   {product} {ergonomic}
    uintx GCDrainStackTargetSize                   = 64                                        {product} {ergonomic}
   size_t InitialHeapSize                          = 264241152                                 {product} {ergonomic}
   size_t MarkStackSize                            = 4194304                                   {product} {ergonomic}
   size_t MaxHeapSize                              = 4215275520                                {product} {ergonomic}
   size_t MinHeapDeltaBytes                        = 2097152                                   {product} {ergonomic}
   size_t MinHeapSize                              = 8388608                                   {product} {ergonomic}
    uintx NonNMethodCodeHeapSize                   = 5839372                                {pd product} {ergonomic}
    uintx NonProfiledCodeHeapSize                  = 122909434                              {pd product} {ergonomic}
    uintx ProfiledCodeHeapSize                     = 122909434                              {pd product} {ergonomic}
    uintx ReservedCodeCacheSize                    = 251658240                              {pd product} {ergonomic}
     bool SegmentedCodeCache                       = true                                      {product} {ergonomic}
   size_t SoftMaxHeapSize                          = 4215275520                             {manageable} {ergonomic}
     bool UseCompressedOops                        = true                           {product lp64_product} {ergonomic}
     bool UseG1GC                                  = true                                      {product} {ergonomic}
     bool UseLargePagesIndividualAllocation        = false                                  {pd product} {ergonomic}

Logging:
Log output configuration:
 #0: stdout all=warning uptime,level,tags foldmultilines=false
 #1: stderr all=off uptime,level,tags foldmultilines=false

Environment Variables:
JAVA_HOME=C:\Program Files\Java\jdk-17
PATH=E:\NVIDIA\NVIDIA GPU Computing Toolkit\CUDA\v12.5\bin;E:\NVIDIA\NVIDIA GPU Computing Toolkit\CUDA\v12.5\libnvvp;C:\Program Files\Common Files\Oracle\Java\javapath;"C:\MinGW\mingw32\bin;C:\Program Files\Common Files\Oracle\Java\javapath";C:\Program Files\Microsoft\jdk-11.0.16.101-hotspot\bin;C:\Windows\system32;C:\Windows;C:\Windows\System32\Wbem;C:\Windows\System32\WindowsPowerShell\v1.0\;C:\Windows\System32\OpenSSH\;C:\Program Files (x86)\NVIDIA Corporation\PhysX\Common;C:\WINDOWS\system32;C:\WINDOWS;C:\WINDOWS\System32\Wbem;C:\WINDOWS\System32\WindowsPowerShell\v1.0\;C:\WINDOWS\System32\OpenSSH\;C:\Program Files\NVIDIA Corporation\NVIDIA NvDLISR;C:\Program Files\Java\jdk-20\bin;C:\Program Files\Microsoft SQL Server\Client SDK\ODBC\170\Tools\Binn\;C:\Users\nemal\AppData\Local\bin\NASM;D:\MatLB\MatLab_install\runtime\win64;D:\MatLB\MatLab_install\bin;C:\Program Files\Azure Data Studio\bin;C:\Program Files\nodejs\;C:\Program Files\Git\cmd;C:\Program Files\apache-maven-3.9.6\apache-maven\src\bin;C:\Program Files\dotnet\;E:\xampp\php;C:\ProgramData\ComposerSetup\bin;C:\Program Files (x86)\Microsoft SQL Server\160\DTS\Binn\;C:\Program Files (x86)\Microsoft SQL Server\160\Tools\Binn\;C:\Program Files\Microsoft SQL Server\160\Tools\Binn\;C:\Program Files\Microsoft SQL Server\160\DTS\Binn\;C:\Program Files\Microsoft SQL Server\150\Tools\Binn\;C:\Users\nemal\AppData\Local\Packages\PythonSoftwareFoundation.Python.3.12_qbz5n2kfra8p0\LocalCache\local-packages\Python312\Scripts;D:\2024software\Anaconda\envs\tenserflow_env\Library\bin;D:\2024software\Anaconda\envs\base\Library\bin;E:\NVIDIA\cudnn-windows-x86_64-9.2.0.82_cuda12-archive\include;E:\NVIDIA\cudnn-windows-x86_64-9.2.0.82_cuda12-archive\bin;E:\NVIDIA\dll_x64;E:\NVIDIA\NVIDIA GPU Computing Toolkit\CUDA\v12.5\extras\CUPTI\lib64;E:\NVIDIA\NVIDIA GPU Computing Toolkit\CUDA\v12.5\extras\CUPTI\include;C:\Program Files\CMake\bin;C:\Program Files\Docker\Docker\resources\bin;C:\iverilog\bin;C:\Program Files\MySQL\MySQL Shell 8.0\bin\;C:\Users\nemal\.console-ninja\.bin;D:\2024software\Anaconda;D:\2024software\Anaconda\Library\mingw-w64\bin;D:\2024software\Anaconda\Library\usr\bin;D:\2024software\Anaconda\Library\bin;D:\2024software\Anaconda\Scripts;C:\Users\nemal\AppData\Local\Microsoft\WindowsApps;D:\intelli\IntelliJ IDEA Educational Edition 2022.2.2\bin;C:\OpenSSL\bin;C:\Program Files\Azure Data Studio\bin;C:\Users\nemal\AppData\Roaming\npm;C:\Users\nemal\AppData\Local\Programs\mongosh\;C:\msys64\ucrt64\bin;C:\Users\nemal\AppData\Local\Programs\Microsoft VS Code\bin;C:\Users\nemal\AppData\Local\Programs\Python\Python312;C:\Users\nemal\.dotnet\tools;C:\Users\nemal\AppData\Roaming\Composer\vendor\bin;C:\Program Files\JetBrains\IntelliJ IDEA Community Edition 2023.3.6\bin;D:\2024software\Cassandra\apache-cassandra-3.11.16\bin;D:\2024software\Pycharm\PyCharm Community Edition 2024.1\bin;D:\flutter\flutter\bin;E:\intelFPGA_lite\23.1std\questa_fse\win64;E:\intelFPGA\20.1\modelsim_ase\win32aloem;E:\NVIDIA\cudnn-windows-x86_64-9.2.0.82_cuda12-archive\include;E:\NVIDIA\cudnn-windows-x86_64-9.2.0.82_cuda12-archive\bin;E:\NVIDIA\NVIDIA GPU Computing Toolkit\CUDA\v12.5\extras\CUPTI\lib64;E:\NVIDIA\NVIDIA GPU Computing Toolkit\CUDA\v12.5\extras\CUPTI\include;C:\Users\nemal\AppData\Local\GitHubDesktop\bin;C:\iverilog\bin;C:\iverilog\gtkwave\bin;
USERNAME=nemal
OS=Windows_NT
PROCESSOR_IDENTIFIER=Intel64 Family 6 Model 140 Stepping 1, GenuineIntel
TMP=C:\Users\nemal\AppData\Local\Temp
TEMP=C:\Users\nemal\AppData\Local\Temp




Periodic native trim disabled

---------------  S Y S T E M  ---------------

OS:
 Windows 11 , 64 bit Build 22621 (10.0.22621.3958)
OS uptime: 10 days 22:16 hours
Hyper-V role detected

CPU: total 8 (initial active 8) (4 cores per cpu, 2 threads per core) family 6 model 140 stepping 1 microcode 0xb6, cx8, cmov, fxsr, ht, mmx, 3dnowpref, sse, sse2, sse3, ssse3, sse4.1, sse4.2, popcnt, lzcnt, tsc, tscinvbit, avx, avx2, aes, erms, clmul, bmi1, bmi2, adx, avx512f, avx512dq, avx512cd, avx512bw, avx512vl, sha, fma, vzeroupper, avx512_vpopcntdq, avx512_vpclmulqdq, avx512_vaes, avx512_vnni, clflush, clflushopt, clwb, avx512_vbmi2, avx512_vbmi, hv, rdtscp, rdpid, fsrm, gfni, avx512_bitalg, f16c, cet_ibt, cet_ss, avx512_ifma
Processor Information for all 8 processors :
  Max Mhz: 2419, Current Mhz: 2419, Mhz Limit: 2419

Memory: 4k page, system-wide physical 16078M (569M free)
TotalPageFile size 46403M (AvailPageFile size 47M)
current process WorkingSet (physical memory assigned to process): 12M, peak: 12M
current process commit charge ("private bytes"): 60M, peak: 312M

vm_info: Java HotSpot(TM) 64-Bit Server VM (21.0.1+12-LTS-29) for windows-amd64 JRE (21.0.1+12-LTS-29), built on 2023-10-05T13:27:09Z by "mach5one" with MS VC++ 17.1 (VS2022)

END.
